{"/Users/Clementine/Code/sudoku/index.js":{"path":"/Users/Clementine/Code/sudoku/index.js","s":{"1":1,"2":0,"3":0,"4":0,"5":0,"6":0,"7":0,"8":0,"9":0,"10":1,"11":1,"12":0,"13":0,"14":0,"15":0,"16":0,"17":0,"18":0,"19":0,"20":0,"21":0,"22":0,"23":0,"24":0,"25":0,"26":0,"27":0,"28":0,"29":0,"30":0,"31":0,"32":0,"33":0,"34":0,"35":0,"36":0,"37":0,"38":0,"39":0,"40":0,"41":0,"42":0,"43":0,"44":0},"b":{"1":[0,0],"2":[0,0],"3":[0,0,0],"4":[0,0],"5":[0,0,0],"6":[0,0],"7":[0,0,0],"8":[0,0],"9":[0,0,0],"10":[0,0],"11":[0,0,0],"12":[0,0],"13":[0,0,0]},"f":{"1":0,"2":0,"3":1,"4":0,"5":0,"6":0,"7":0},"fnMap":{"1":{"name":"(anonymous_1)","line":2,"loc":{"start":{"line":2,"column":26},"end":{"line":2,"column":63}}},"2":{"name":"(anonymous_2)","line":7,"loc":{"start":{"line":7,"column":15},"end":{"line":7,"column":32}}},"3":{"name":"(anonymous_3)","line":16,"loc":{"start":{"line":16,"column":26},"end":{"line":16,"column":64}}},"4":{"name":"(anonymous_4)","line":40,"loc":{"start":{"line":40,"column":27},"end":{"line":40,"column":41}}},"5":{"name":"(anonymous_5)","line":55,"loc":{"start":{"line":55,"column":17},"end":{"line":55,"column":33}}},"6":{"name":"(anonymous_6)","line":67,"loc":{"start":{"line":67,"column":17},"end":{"line":67,"column":33}}},"7":{"name":"(anonymous_7)","line":79,"loc":{"start":{"line":79,"column":17},"end":{"line":79,"column":33}}}},"statementMap":{"1":{"start":{"line":2,"column":0},"end":{"line":14,"column":2}},"2":{"start":{"line":3,"column":2},"end":{"line":3,"column":21}},"3":{"start":{"line":5,"column":2},"end":{"line":5,"column":18}},"4":{"start":{"line":6,"column":2},"end":{"line":6,"column":33}},"5":{"start":{"line":7,"column":3},"end":{"line":12,"column":6}},"6":{"start":{"line":8,"column":4},"end":{"line":8,"column":30}},"7":{"start":{"line":9,"column":4},"end":{"line":11,"column":7}},"8":{"start":{"line":10,"column":8},"end":{"line":10,"column":22}},"9":{"start":{"line":13,"column":3},"end":{"line":13,"column":17}},"10":{"start":{"line":16,"column":0},"end":{"line":39,"column":2}},"11":{"start":{"line":40,"column":0},"end":{"line":90,"column":2}},"12":{"start":{"line":41,"column":1},"end":{"line":41,"column":15}},"13":{"start":{"line":42,"column":2},"end":{"line":42,"column":26}},"14":{"start":{"line":44,"column":1},"end":{"line":52,"column":2}},"15":{"start":{"line":45,"column":2},"end":{"line":45,"column":19}},"16":{"start":{"line":47,"column":6},"end":{"line":52,"column":2}},"17":{"start":{"line":48,"column":2},"end":{"line":48,"column":19}},"18":{"start":{"line":50,"column":6},"end":{"line":52,"column":2}},"19":{"start":{"line":51,"column":2},"end":{"line":51,"column":19}},"20":{"start":{"line":54,"column":2},"end":{"line":88,"column":3}},"21":{"start":{"line":55,"column":4},"end":{"line":63,"column":7}},"22":{"start":{"line":57,"column":6},"end":{"line":57,"column":26}},"23":{"start":{"line":58,"column":6},"end":{"line":58,"column":34}},"24":{"start":{"line":59,"column":6},"end":{"line":59,"column":26}},"25":{"start":{"line":60,"column":6},"end":{"line":60,"column":34}},"26":{"start":{"line":61,"column":6},"end":{"line":61,"column":26}},"27":{"start":{"line":62,"column":6},"end":{"line":62,"column":34}},"28":{"start":{"line":66,"column":7},"end":{"line":88,"column":3}},"29":{"start":{"line":67,"column":4},"end":{"line":75,"column":7}},"30":{"start":{"line":69,"column":6},"end":{"line":69,"column":34}},"31":{"start":{"line":70,"column":6},"end":{"line":70,"column":34}},"32":{"start":{"line":71,"column":6},"end":{"line":71,"column":26}},"33":{"start":{"line":72,"column":6},"end":{"line":72,"column":34}},"34":{"start":{"line":73,"column":6},"end":{"line":73,"column":26}},"35":{"start":{"line":74,"column":6},"end":{"line":74,"column":34}},"36":{"start":{"line":78,"column":7},"end":{"line":88,"column":3}},"37":{"start":{"line":79,"column":4},"end":{"line":87,"column":7}},"38":{"start":{"line":81,"column":6},"end":{"line":81,"column":34}},"39":{"start":{"line":82,"column":6},"end":{"line":82,"column":34}},"40":{"start":{"line":83,"column":6},"end":{"line":83,"column":26}},"41":{"start":{"line":84,"column":6},"end":{"line":84,"column":34}},"42":{"start":{"line":85,"column":6},"end":{"line":85,"column":26}},"43":{"start":{"line":86,"column":6},"end":{"line":86,"column":34}},"44":{"start":{"line":89,"column":2},"end":{"line":89,"column":24}}},"branchMap":{"1":{"line":9,"type":"if","locations":[{"start":{"line":9,"column":4},"end":{"line":9,"column":4}},{"start":{"line":9,"column":4},"end":{"line":9,"column":4}}]},"2":{"line":44,"type":"if","locations":[{"start":{"line":44,"column":1},"end":{"line":44,"column":1}},{"start":{"line":44,"column":1},"end":{"line":44,"column":1}}]},"3":{"line":44,"type":"binary-expr","locations":[{"start":{"line":44,"column":5},"end":{"line":44,"column":14}},{"start":{"line":44,"column":18},"end":{"line":44,"column":27}},{"start":{"line":44,"column":31},"end":{"line":44,"column":40}}]},"4":{"line":47,"type":"if","locations":[{"start":{"line":47,"column":6},"end":{"line":47,"column":6}},{"start":{"line":47,"column":6},"end":{"line":47,"column":6}}]},"5":{"line":47,"type":"binary-expr","locations":[{"start":{"line":47,"column":10},"end":{"line":47,"column":19}},{"start":{"line":47,"column":23},"end":{"line":47,"column":32}},{"start":{"line":47,"column":36},"end":{"line":47,"column":45}}]},"6":{"line":50,"type":"if","locations":[{"start":{"line":50,"column":6},"end":{"line":50,"column":6}},{"start":{"line":50,"column":6},"end":{"line":50,"column":6}}]},"7":{"line":50,"type":"binary-expr","locations":[{"start":{"line":50,"column":10},"end":{"line":50,"column":19}},{"start":{"line":50,"column":23},"end":{"line":50,"column":32}},{"start":{"line":50,"column":36},"end":{"line":50,"column":45}}]},"8":{"line":54,"type":"if","locations":[{"start":{"line":54,"column":2},"end":{"line":54,"column":2}},{"start":{"line":54,"column":2},"end":{"line":54,"column":2}}]},"9":{"line":54,"type":"binary-expr","locations":[{"start":{"line":54,"column":6},"end":{"line":54,"column":15}},{"start":{"line":54,"column":19},"end":{"line":54,"column":28}},{"start":{"line":54,"column":32},"end":{"line":54,"column":41}}]},"10":{"line":66,"type":"if","locations":[{"start":{"line":66,"column":7},"end":{"line":66,"column":7}},{"start":{"line":66,"column":7},"end":{"line":66,"column":7}}]},"11":{"line":66,"type":"binary-expr","locations":[{"start":{"line":66,"column":11},"end":{"line":66,"column":20}},{"start":{"line":66,"column":24},"end":{"line":66,"column":33}},{"start":{"line":66,"column":37},"end":{"line":66,"column":46}}]},"12":{"line":78,"type":"if","locations":[{"start":{"line":78,"column":7},"end":{"line":78,"column":7}},{"start":{"line":78,"column":7},"end":{"line":78,"column":7}}]},"13":{"line":78,"type":"binary-expr","locations":[{"start":{"line":78,"column":11},"end":{"line":78,"column":20}},{"start":{"line":78,"column":24},"end":{"line":78,"column":33}},{"start":{"line":78,"column":37},"end":{"line":78,"column":46}}]}}}}